<?xml version="1.0" encoding="UTF-8"?>
<!-- Generated by org.testng.reporters.JUnitReportReporter -->
<testsuite hostname="LAPTOP-58T0J5OO" failures="0" tests="1" name="TestSuite.TC01B_Verifyloginbyfacebook" time="35.622" errors="0" timestamp="2025-06-24T13:54:36 IST" skipped="0">
  <testcase classname="TestSuite.TC01B_Verifyloginbyfacebook" name="Signin" time="35.622"/>
  <system-out/>
</testsuite> <!-- TestSuite.TC01B_Verifyloginbyfacebook -->
