<?xml version="1.0" encoding="UTF-8"?>
<!-- Generated by org.testng.reporters.JUnitReportReporter -->
<testsuite hostname="LAPTOP-AOJ543G5" failures="0" tests="1"
	name="sampletest.test1" time="11.071" errors="0"
	timestamp="2022-07-11T17:15:13 IST" skipped="0">
	<testcase classname="sampletest.test1"
		name="verifyMonthlyPlanning" time="11.071" />
	<system-out />
</testsuite> <!-- sampletest.test1 -->
