<?xml version="1.0" encoding="UTF-8"?>
<!-- Generated by org.testng.reporters.JUnitReportReporter -->
<testsuite hostname="LAPTOP-58T0J5OO" failures="0" tests="1"
	name="TestSuite.TC17_VerifyRecentActivity" time="80.498" errors="0"
	timestamp="2025-05-13T10:26:21 IST" skipped="0">
	<testcase classname="TestSuite.TC17_VerifyRecentActivity"
		name="clientLogin" time="80.498" />
	<system-out />
</testsuite> <!-- TestSuite.TC17_VerifyRecentActivity -->
