<?xml version="1.0" encoding="UTF-8"?>
<!-- Generated by org.testng.reporters.JUnitReportReporter -->
<testsuite hostname="LAPTOP-58T0J5OO" failures="0" tests="1"
	name="TestSuite.TC07_VerifyForgotpassword" time="19.405" errors="0"
	timestamp="2025-05-12T09:44:18 IST" skipped="0">
	<testcase classname="TestSuite.TC07_VerifyForgotpassword"
		name="clientLogin" time="19.405" />
	<system-out />
</testsuite> <!-- TestSuite.TC07_VerifyForgotpassword -->
