<?xml version="1.0" encoding="UTF-8"?>
<!-- Generated by org.testng.reporters.JUnitReportReporter -->
<testsuite hostname="LAPTOP-AOJ543G5" failures="0" tests="1"
	name="TestSuite.TC03_VerifyGrayoutDatesWhenWeekdayCapacityIsToZero"
	time="91.341" errors="0" timestamp="2023-02-27T23:12:07 IST"
	skipped="0">
	<testcase
		classname="TestSuite.TC03_VerifyGrayoutDatesWhenWeekdayCapacityIsToZero"
		name="setCapacityZeroOnWeekDay" time="91.341" />
	<system-out />
</testsuite> <!-- TestSuite.TC03_VerifyGrayoutDatesWhenWeekdayCapacityIsToZero -->
