<?xml version="1.0" encoding="UTF-8"?>
<!-- Generated by org.testng.reporters.JUnitReportReporter -->
<testsuite hostname="LAPTOP-58T0J5OO" failures="0" tests="1" name="TestSuite.TC04_VerifyChangepassword" time="116.973" errors="0" timestamp="2025-06-26T16:37:18 IST" skipped="0">
  <testcase classname="TestSuite.TC04_VerifyChangepassword" name="clientLogin" time="116.973"/>
  <system-out/>
</testsuite> <!-- TestSuite.TC04_VerifyChangepassword -->
