<?xml version="1.0" encoding="UTF-8"?>
<!-- Generated by org.testng.reporters.JUnitReportReporter -->
<testsuite hostname="LAPTOP-58T0J5OO" failures="0" tests="1"
	name="TestSuite.TC16_LoginLogout" time="57.328" errors="0"
	timestamp="2025-05-12T12:49:10 IST" skipped="0">
	<testcase classname="TestSuite.TC16_LoginLogout"
		name="clientLogin" time="57.328" />
	<system-out />
</testsuite> <!-- TestSuite.TC16_LoginLogout -->
