<?xml version="1.0" encoding="UTF-8"?>
<!-- Generated by org.testng.reporters.JUnitReportReporter -->
<testsuite hostname="LAPTOP-58T0J5OO" failures="0" tests="6"
	name="com.surecafe.Automation.TC07_VerifyChangepasswordbyExcel"
	time="445.080" errors="0" timestamp="2025-06-09T11:14:44 IST"
	skipped="1">
	<testcase
		classname="com.surecafe.Automation.TC07_VerifyChangepasswordbyExcel"
		name="verifyLoginFunctionality" time="92.762" />
	<system-out />
	<testcase
		classname="com.surecafe.Automation.TC07_VerifyChangepasswordbyExcel"
		name="verifyLoginFunctionality" time="78.143" />
	<system-out />
	<testcase
		classname="com.surecafe.Automation.TC07_VerifyChangepasswordbyExcel"
		name="verifyLoginFunctionality" time="92.353" />
	<system-out />
	<testcase
		classname="com.surecafe.Automation.TC07_VerifyChangepasswordbyExcel"
		name="verifyLoginFunctionality" time="89.189" />
	<system-out />
	<testcase
		classname="com.surecafe.Automation.TC07_VerifyChangepasswordbyExcel"
		name="verifyLoginFunctionality" time="92.633" />
	<system-out />
	<testcase
		classname="com.surecafe.Automation.TC07_VerifyChangepasswordbyExcel"
		name="ChangepasswordbyExcel">
		<skipped />
	</testcase> <!-- ChangepasswordbyExcel -->
	<system-out />
</testsuite> <!-- com.surecafe.Automation.TC07_VerifyChangepasswordbyExcel -->
