<?xml version="1.0" encoding="UTF-8"?>
<!-- Generated by org.testng.reporters.JUnitReportReporter -->
<testsuite hostname="LAPTOP-58T0J5OO" failures="0" tests="1"
	name="TestSuite.TC20_VerifyRenewSubscriptionprocess" time="85.568"
	errors="0" timestamp="2025-05-14T15:08:31 IST" skipped="0">
	<testcase
		classname="TestSuite.TC20_VerifyRenewSubscriptionprocess"
		name="clientLogin" time="85.568" />
	<system-out />
</testsuite> <!-- TestSuite.TC20_VerifyRenewSubscriptionprocess -->
