<?xml version="1.0" encoding="UTF-8"?>
<!-- Generated by org.testng.reporters.JUnitReportReporter -->
<testsuite hostname="LAPTOP-58T0J5OO" failures="0" tests="1"
	name="TestSuite.TC10_Verifyjobtitlelink" time="61.217" errors="0"
	timestamp="2025-07-03T11:36:39 IST" skipped="0">
	<testcase classname="TestSuite.TC10_Verifyjobtitlelink"
		name="Joblink" time="61.217" />
	<system-out />
</testsuite> <!-- TestSuite.TC10_Verifyjobtitlelink -->
