<?xml version="1.0" encoding="UTF-8"?>
<!-- Generated by org.testng.reporters.JUnitReportReporter -->
<testsuite hostname="LAPTOP-58T0J5OO" failures="0" tests="1" name="com.surecafe.Automation.TC12_Verifyremoveprofilepicture" time="57.266" errors="0" timestamp="2025-06-13T15:13:48 IST" skipped="0">
  <testcase classname="com.surecafe.Automation.TC12_Verifyremoveprofilepicture" name="ProfilePcture" time="57.266"/>
  <system-out/>
</testsuite> <!-- com.surecafe.Automation.TC12_Verifyremoveprofilepicture -->
