<?xml version="1.0" encoding="UTF-8"?>
<!-- Generated by org.testng.reporters.JUnitReportReporter -->
<testsuite hostname="LAPTOP-58T0J5OO" failures="0" tests="1" name="TC11_Verifysearchandjobtitlelink" time="123.682" errors="0" timestamp="2025-06-10T10:10:55 IST" skipped="0">
  <testcase classname="TC11_Verifysearchandjobtitlelink" name="Joblink" time="123.682"/>
  <system-out/>
</testsuite> <!-- TC11_Verifysearchandjobtitlelink -->
