<?xml version="1.0" encoding="UTF-8"?>
<!-- Generated by org.testng.reporters.JUnitReportReporter -->
<testsuite hostname="LAPTOP-AOJ543G5" failures="0" tests="2"
	name="sampletest.TC003_VerifyGrayoutForDifferentImageSlabs"
	time="163.730" errors="0" timestamp="2022-07-24T12:42:02 IST"
	skipped="0">
	<testcase
		classname="sampletest.TC003_VerifyGrayoutForDifferentImageSlabs"
		name="enterCapacityForSelectedDate" time="66.248" />
	<system-out />
	<testcase
		classname="sampletest.TC003_VerifyGrayoutForDifferentImageSlabs"
		name="verifyForGrayOutForFor3BizDays" time="97.482" />
	<system-out />
</testsuite> <!-- sampletest.TC003_VerifyGrayoutForDifferentImageSlabs -->
