<?xml version="1.0" encoding="UTF-8"?>
<!-- Generated by org.testng.reporters.JUnitReportReporter -->
<testsuite hostname="LAPTOP-AOJ543G5" failures="0" tests="3" name="TestSuite.TC09_VerifyRushServiceForNonScheduleOrder" time="377.245" errors="0" timestamp="2023-01-19T17:10:27 IST" skipped="1">
  <testcase classname="TestSuite.TC09_VerifyRushServiceForNonScheduleOrder" name="placeNonScheduleOrderAndGetOrderName" time="194.053"/>
  <system-out/>
  <testcase classname="TestSuite.TC09_VerifyRushServiceForNonScheduleOrder" name="placeNonScheduleOrderAgainAndGetOrderName" time="183.192"/>
  <system-out/>
  <testcase classname="TestSuite.TC09_VerifyRushServiceForNonScheduleOrder" name="setDailyCapacity">
    <skipped/>
  </testcase> <!-- setDailyCapacity -->
  <system-out/>
</testsuite> <!-- TestSuite.TC09_VerifyRushServiceForNonScheduleOrder -->
