<?xml version="1.0" encoding="UTF-8"?>
<!-- Generated by org.testng.reporters.JUnitReportReporter -->
<testsuite hostname="LAPTOP-58T0J5OO" failures="0" tests="1"
	name="com.surecafe.Automation.TC09_Verifyinterviewgooglemeetinglink"
	time="41.992" errors="0" timestamp="2025-06-12T11:14:51 IST"
	skipped="0">
	<testcase
		classname="com.surecafe.Automation.TC09_Verifyinterviewgooglemeetinglink"
		name="Meetinglink" time="41.992" />
	<system-out />
</testsuite> <!-- com.surecafe.Automation.TC09_Verifyinterviewgooglemeetinglink -->
