<?xml version="1.0" encoding="UTF-8"?>
<!-- Generated by org.testng.reporters.JUnitReportReporter -->
<testsuite hostname="LAPTOP-AOJ543G5" failures="0" tests="1"
	name="sampletest.TC0014_VerifyGrayoutDatesWhenWeekdayCapacityIsToZero"
	time="245.552" errors="0" timestamp="2022-09-15T17:26:55 IST"
	skipped="0">
	<testcase
		classname="sampletest.TC0014_VerifyGrayoutDatesWhenWeekdayCapacityIsToZero"
		name="setCapacityZeroOnWeekDay" time="245.552" />
	<system-out />
</testsuite> <!-- sampletest.TC0014_VerifyGrayoutDatesWhenWeekdayCapacityIsToZero -->
