<?xml version="1.0" encoding="UTF-8"?>
<!-- Generated by org.testng.reporters.JUnitReportReporter -->
<testsuite hostname="LAPTOP-58T0J5OO" failures="0" tests="1" name="TestSuite.TC12_Verifyremoveprofilepicture" time="116.337" errors="0" timestamp="2025-06-26T17:02:09 IST" skipped="0">
  <testcase classname="TestSuite.TC12_Verifyremoveprofilepicture" name="ProfilePcture" time="116.337"/>
  <system-out/>
</testsuite> <!-- TestSuite.TC12_Verifyremoveprofilepicture -->
