<?xml version="1.0" encoding="UTF-8"?>
<!-- Generated by org.testng.reporters.JUnitReportReporter -->
<testsuite hostname="LAPTOP-58T0J5OO" failures="0" tests="1"
	name="com.surecafe.Automation.TC13_Verifyaccountdeletefunctionality"
	time="171.707" errors="0" timestamp="2025-06-16T12:50:01 IST"
	skipped="0">
	<testcase
		classname="com.surecafe.Automation.TC13_Verifyaccountdeletefunctionality"
		name="Signin" time="171.707" />
	<system-out />
</testsuite> <!-- com.surecafe.Automation.TC13_Verifyaccountdeletefunctionality -->
