<?xml version="1.0" encoding="UTF-8"?>
<!-- Generated by org.testng.reporters.JUnitReportReporter -->
<testsuite hostname="LAPTOP-AOJ543G5" failures="0" tests="2" name="TestSuite.TC15_VeridyEDCForScheduledWhenOrderStatusChangedToSampleApproval" time="111.155" errors="0" timestamp="2023-04-19T09:30:54 IST" skipped="1">
  <testcase classname="TestSuite.TC15_VeridyEDCForScheduledWhenOrderStatusChangedToSampleApproval" name="changeToSampleApproval" time="111.155"/>
  <system-out/>
  <testcase classname="TestSuite.TC15_VeridyEDCForScheduledWhenOrderStatusChangedToSampleApproval" name="placingOrder">
    <skipped/>
  </testcase> <!-- placingOrder -->
  <system-out/>
</testsuite> <!-- TestSuite.TC15_VeridyEDCForScheduledWhenOrderStatusChangedToSampleApproval -->
