<?xml version="1.0" encoding="UTF-8"?>
<!-- Generated by org.testng.reporters.JUnitReportReporter -->
<testsuite hostname="LAPTOP-58T0J5OO" failures="0" tests="1" name="TestSuite.TC14_Verifyprofileview" time="135.761" errors="0" timestamp="2025-06-26T16:56:55 IST" skipped="0">
  <testcase classname="TestSuite.TC14_Verifyprofileview" name="Signin" time="135.761"/>
  <system-out/>
</testsuite> <!-- TestSuite.TC14_Verifyprofileview -->
