<?xml version="1.0" encoding="UTF-8"?>
<!-- Generated by org.testng.reporters.JUnitReportReporter -->
<testsuite hostname="LAPTOP-58T0J5OO" failures="0" tests="1" name="com.surecafe.Automation.TC01_VerifyLogin" time="83.906" errors="0" timestamp="2025-06-24T13:11:42 IST" skipped="0">
  <testcase classname="com.surecafe.Automation.TC01_VerifyLogin" name="Signin" time="83.906"/>
  <system-out/>
</testsuite> <!-- com.surecafe.Automation.TC01_VerifyLogin -->
