<?xml version="1.0" encoding="UTF-8"?>
<!-- Generated by org.testng.reporters.JUnitReportReporter -->
<testsuite hostname="LAPTOP-58T0J5OO" failures="0" tests="1" name="TestSuite.TC06_Verifyprofileflow" time="161.205" errors="0" timestamp="2025-06-26T17:15:14 IST" skipped="0">
  <testcase classname="TestSuite.TC06_Verifyprofileflow" name="Profileflow" time="161.205"/>
  <system-out/>
</testsuite> <!-- TestSuite.TC06_Verifyprofileflow -->
