<?xml version="1.0" encoding="UTF-8"?>
<!-- Generated by org.testng.reporters.JUnitReportReporter -->
<testsuite hostname="LAPTOP-58T0J5OO" failures="0" tests="1" name="TestSuite.TC17_RecentActivity" time="134.818" errors="0" timestamp="2025-03-06T17:13:23 IST" skipped="0">
  <testcase classname="TestSuite.TC17_RecentActivity" name="clientLogin" time="134.818"/>
  <system-out/>
</testsuite> <!-- TestSuite.TC17_RecentActivity -->
