<?xml version="1.0" encoding="UTF-8"?>
<!-- Generated by org.testng.reporters.JUnitReportReporter -->
<testsuite hostname="LAPTOP-58T0J5OO" failures="0" tests="1" name="TestSuite.TC18_Restoreprofiledata" time="146.825" errors="0" timestamp="2025-05-13T10:56:06 IST" skipped="0">
  <testcase classname="TestSuite.TC18_Restoreprofiledata" name="clientLogin" time="146.825"/>
  <system-out/>
</testsuite> <!-- TestSuite.TC18_Restoreprofiledata -->
