<?xml version="1.0" encoding="UTF-8"?>
<!-- Generated by org.testng.reporters.JUnitReportReporter -->
<testsuite hostname="LAPTOP-58T0J5OO" failures="0" tests="6" name="com.surecafe.Automation.TC08_Verifyloginbyexcel" time="313.884" errors="0" timestamp="2025-06-09T15:10:46 IST" skipped="1">
  <testcase classname="com.surecafe.Automation.TC08_Verifyloginbyexcel" name="verifyLoginFunctionality" time="83.035"/>
  <system-out/>
  <testcase classname="com.surecafe.Automation.TC08_Verifyloginbyexcel" name="verifyLoginFunctionality" time="63.164"/>
  <system-out/>
  <testcase classname="com.surecafe.Automation.TC08_Verifyloginbyexcel" name="verifyLoginFunctionality" time="51.240"/>
  <system-out/>
  <testcase classname="com.surecafe.Automation.TC08_Verifyloginbyexcel" name="verifyLoginFunctionality" time="57.890"/>
  <system-out/>
  <testcase classname="com.surecafe.Automation.TC08_Verifyloginbyexcel" name="verifyLoginFunctionality" time="58.555"/>
  <system-out/>
  <testcase classname="com.surecafe.Automation.TC08_Verifyloginbyexcel" name="clientLogin">
    <skipped/>
  </testcase> <!-- clientLogin -->
  <system-out/>
</testsuite> <!-- com.surecafe.Automation.TC08_Verifyloginbyexcel -->
