<?xml version="1.0" encoding="UTF-8"?>
<!-- Generated by org.testng.reporters.JUnitReportReporter -->
<testsuite hostname="LAPTOP-AOJ543G5" failures="0" tests="2" name="sampletest.TC001_VerifyForGrayOutWhenEnteredTwoTimesOnSameDate" time="197.174" errors="0" timestamp="2022-07-20T17:33:32 IST" skipped="0">
  <testcase classname="sampletest.TC001_VerifyForGrayOutWhenEnteredTwoTimesOnSameDate" name="capacityForSelectedDate" time="6.253"/>
  <system-out/>
  <testcase classname="sampletest.TC001_VerifyForGrayOutWhenEnteredTwoTimesOnSameDate" name="verifyForGrayOutForSelectedDate" time="190.921"/>
  <system-out/>
</testsuite> <!-- sampletest.TC001_VerifyForGrayOutWhenEnteredTwoTimesOnSameDate -->
