<?xml version="1.0" encoding="UTF-8"?>
<!-- Generated by org.testng.reporters.JUnitReportReporter -->
<testsuite hostname="LAPTOP-58T0J5OO" failures="0" tests="1" name="TestSuite.TC24_VerifyFormpaymentwhenprofilenotcompletedfromnotification" time="62.315" errors="0" timestamp="2025-05-13T10:48:18 IST" skipped="0">
  <testcase classname="TestSuite.TC24_VerifyFormpaymentwhenprofilenotcompletedfromnotification" name="clientLogin" time="62.315"/>
  <system-out/>
</testsuite> <!-- TestSuite.TC24_VerifyFormpaymentwhenprofilenotcompletedfromnotification -->
