<?xml version="1.0" encoding="UTF-8"?>
<!-- Generated by org.testng.reporters.JUnitReportReporter -->
<testsuite hostname="LAPTOP-AOJ543G5" failures="0" tests="4"
	name="TestSuite.TC10_VerifyReleaseCapForNonScheduleOrderIfCompletedBeforeEDC"
	time="886.328" errors="0" timestamp="2023-01-20T16:56:16 IST"
	skipped="0">
	<testcase
		classname="TestSuite.TC10_VerifyReleaseCapForNonScheduleOrderIfCompletedBeforeEDC"
		name="placeNonScheduleOrderAndGetOrderName" time="179.590" />
	<system-out />
	<testcase
		classname="TestSuite.TC10_VerifyReleaseCapForNonScheduleOrderIfCompletedBeforeEDC"
		name="verifyNonscheduleOrdersEDC" time="52.903" />
	<system-out />
	<testcase
		classname="TestSuite.TC10_VerifyReleaseCapForNonScheduleOrderIfCompletedBeforeEDC"
		name="checkMinCapAfterPlacingOrderAndCompleteOrder" time="348.707" />
	<system-out />
	<testcase
		classname="TestSuite.TC10_VerifyReleaseCapForNonScheduleOrderIfCompletedBeforeEDC"
		name="verifyReleaseCapacity" time="305.128" />
	<system-out />
</testsuite> <!-- TestSuite.TC10_VerifyReleaseCapForNonScheduleOrderIfCompletedBeforeEDC -->
