<?xml version="1.0" encoding="UTF-8"?>
<!-- Generated by org.testng.reporters.JUnitReportReporter -->
<testsuite hostname="LAPTOP-58T0J5OO" failures="0" tests="1" name="TestSuite.TC11_Verifysearchandjobtitlelink" time="126.743" errors="0" timestamp="2025-06-26T16:53:10 IST" skipped="0">
  <testcase classname="TestSuite.TC11_Verifysearchandjobtitlelink" name="Joblink" time="126.743"/>
  <system-out/>
</testsuite> <!-- TestSuite.TC11_Verifysearchandjobtitlelink -->
