<?xml version="1.0" encoding="UTF-8"?>
<!-- Generated by org.testng.reporters.JUnitReportReporter -->
<testsuite hostname="LAPTOP-58T0J5OO" failures="0" tests="2" name="TestSuite.TC02_verifyRegisterbyUploadingResume" time="161.747" errors="0" timestamp="2025-05-14T17:42:06 IST" skipped="0">
  <testcase classname="TestSuite.TC02_verifyRegisterbyUploadingResume" name="registerUsersUsingResume" time="92.589"/>
  <system-out/>
  <testcase classname="TestSuite.TC02_verifyRegisterbyUploadingResume" name="setPasswordForResumeRegistration" time="69.158"/>
  <system-out/>
</testsuite> <!-- TestSuite.TC02_verifyRegisterbyUploadingResume -->
