<?xml version="1.0" encoding="UTF-8"?>
<!-- Generated by org.testng.reporters.JUnitReportReporter -->
<testsuite hostname="LAPTOP-58T0J5OO" failures="0" tests="1" name="com.surecafe.Automation.TC01B_Verifyloginbyfacebook" time="36.368" errors="0" timestamp="2025-06-09T12:40:21 IST" skipped="0">
  <testcase classname="com.surecafe.Automation.TC01B_Verifyloginbyfacebook" name="Signin" time="36.368"/>
  <system-out/>
</testsuite> <!-- com.surecafe.Automation.TC01B_Verifyloginbyfacebook -->
