<?xml version="1.0" encoding="UTF-8"?>
<!-- Generated by org.testng.reporters.JUnitReportReporter -->
<testsuite hostname="LAPTOP-58T0J5OO" failures="0" tests="1" name="com.surecafe.Automation.TC02_VerifySignup" time="39.861" errors="0" timestamp="2025-06-04T15:08:21 IST" skipped="0">
  <testcase classname="com.surecafe.Automation.TC02_VerifySignup" name="Signup" time="39.861"/>
  <system-out/>
</testsuite> <!-- com.surecafe.Automation.TC02_VerifySignup -->
