<?xml version="1.0" encoding="UTF-8"?>
<!-- Generated by org.testng.reporters.JUnitReportReporter -->
<testsuite hostname="LAPTOP-58T0J5OO" failures="0" tests="1"
	name="TestSuite.TC09_ProfileNaviagtion" time="55.854" errors="0"
	timestamp="2025-05-12T11:04:24 IST" skipped="0">
	<testcase classname="TestSuite.TC09_ProfileNaviagtion"
		name="clientLogin" time="55.854" />
	<system-out />
</testsuite> <!-- TestSuite.TC09_ProfileNaviagtion -->
