<?xml version="1.0" encoding="UTF-8"?>
<!-- Generated by org.testng.reporters.JUnitReportReporter -->
<testsuite hostname="LAPTOP-58T0J5OO" failures="0" tests="1" name="TestSuite.TC13_Verifyaccountdeletefunctionality" time="100.241" errors="0" timestamp="2025-06-26T17:05:53 IST" skipped="0">
  <testcase classname="TestSuite.TC13_Verifyaccountdeletefunctionality" name="Signin" time="100.241"/>
  <system-out/>
</testsuite> <!-- TestSuite.TC13_Verifyaccountdeletefunctionality -->
