<?xml version="1.0" encoding="UTF-8"?>
<!-- Generated by org.testng.reporters.JUnitReportReporter -->
<testsuite hostname="LAPTOP-58T0J5OO" failures="0" tests="2" name="com.surecafe.Automation.TC03_Verifyuploadprofilepicture" time="167.030" errors="0" timestamp="2025-06-19T14:05:05 IST" skipped="1">
  <testcase classname="com.surecafe.Automation.TC03_Verifyuploadprofilepicture" name="ProfilePcture" time="167.030"/>
  <system-out/>
  <testcase classname="com.surecafe.Automation.TC03_Verifyuploadprofilepicture" name="Resumeupload">
    <skipped/>
  </testcase> <!-- Resumeupload -->
  <system-out/>
</testsuite> <!-- com.surecafe.Automation.TC03_Verifyuploadprofilepicture -->
