<?xml version="1.0" encoding="UTF-8"?>
<!-- Generated by org.testng.reporters.JUnitReportReporter -->
<testsuite hostname="LAPTOP-58T0J5OO" failures="0" tests="2" name="TestSuite.TC03_Verifyuploadprofilepicture" time="59.221" errors="0" timestamp="2025-07-15T15:53:23 IST" skipped="1">
  <testcase classname="TestSuite.TC03_Verifyuploadprofilepicture" name="ProfilePcture" time="59.221"/>
  <system-out/>
  <testcase classname="TestSuite.TC03_Verifyuploadprofilepicture" name="Resumeupload">
    <skipped/>
  </testcase> <!-- Resumeupload -->
  <system-out/>
</testsuite> <!-- TestSuite.TC03_Verifyuploadprofilepicture -->
