<?xml version="1.0" encoding="UTF-8"?>
<!-- Generated by org.testng.reporters.JUnitReportReporter -->
<testsuite hostname="LAPTOP-AOJ543G5" failures="0" tests="3"
	name="sampletest.TC007_VerifyForCapacityReleaseWhenScheduledOrderIsCompletedBeforeEDC"
	time="694.958" errors="0" timestamp="2022-08-18T13:25:46 IST"
	skipped="0">
	<testcase
		classname="sampletest.TC007_VerifyForCapacityReleaseWhenScheduledOrderIsCompletedBeforeEDC"
		name="getOrderNumberByPlacingOrder" time="376.068" />
	<system-out />
	<testcase
		classname="sampletest.TC007_VerifyForCapacityReleaseWhenScheduledOrderIsCompletedBeforeEDC"
		name="checkMinCapAfterPlacingOrderAndCompleteOrder" time="176.739" />
	<system-out />
	<testcase
		classname="sampletest.TC007_VerifyForCapacityReleaseWhenScheduledOrderIsCompletedBeforeEDC"
		name="verifyReleaseCapacity" time="142.151" />
	<system-out />
</testsuite> <!-- sampletest.TC007_VerifyForCapacityReleaseWhenScheduledOrderIsCompletedBeforeEDC -->
