<?xml version="1.0" encoding="UTF-8"?>
<!-- Generated by org.testng.reporters.JUnitReportReporter -->
<testsuite hostname="LAPTOP-AOJ543G5" failures="1" tests="1"
	name="TestSuite.TC11_VerifyProgressBarForBizDaysForNonScheduledOrder"
	time="161.145" errors="0" timestamp="2023-01-24T12:05:16 IST"
	skipped="0">
	<testcase
		classname="TestSuite.TC11_VerifyProgressBarForBizDaysForNonScheduledOrder"
		name="placeNonScheduleOrderAndGetOrderName" time="161.145">
		<failure
			message="expected:&lt;Up to [7] biz days&gt; but was:&lt;Up to [20+] biz days&gt;"
			type="org.junit.ComparisonFailure">
      <![CDATA[org.junit.ComparisonFailure: expected:<Up to [7] biz days> but was:<Up to [20+] biz days>
at org.junit.Assert.assertEquals(Assert.java:117)
at org.junit.Assert.assertEquals(Assert.java:146)
at com.photographers.client.CalendarPage.placeNonScheduleOrderForBizDays(CalendarPage.java:2726)
at TestSuite.TC11_VerifyProgressBarForBizDaysForNonScheduledOrder.placeNonScheduleOrderAndGetOrderName(TC11_VerifyProgressBarForBizDaysForNonScheduledOrder.java:73)
at java.base/jdk.internal.reflect.NativeMethodAccessorImpl.invoke0(Native Method)
at java.base/jdk.internal.reflect.NativeMethodAccessorImpl.invoke(NativeMethodAccessorImpl.java:77)
at java.base/jdk.internal.reflect.DelegatingMethodAccessorImpl.invoke(DelegatingMethodAccessorImpl.java:43)
at java.base/java.lang.reflect.Method.invoke(Method.java:568)
at org.testng.internal.MethodInvocationHelper.invokeMethod(MethodInvocationHelper.java:133)
at org.testng.internal.TestInvoker.invokeMethod(TestInvoker.java:598)
at org.testng.internal.TestInvoker.invokeTestMethod(TestInvoker.java:173)
at org.testng.internal.MethodRunner.runInSequence(MethodRunner.java:46)
at org.testng.internal.TestInvoker$MethodInvocationAgent.invoke(TestInvoker.java:824)
at org.testng.internal.TestInvoker.invokeTestMethods(TestInvoker.java:146)
at org.testng.internal.TestMethodWorker.invokeTestMethods(TestMethodWorker.java:146)
at org.testng.internal.TestMethodWorker.run(TestMethodWorker.java:128)
at java.base/java.util.ArrayList.forEach(ArrayList.java:1511)
at org.testng.TestRunner.privateRun(TestRunner.java:794)
at org.testng.TestRunner.run(TestRunner.java:596)
at org.testng.SuiteRunner.runTest(SuiteRunner.java:377)
at org.testng.SuiteRunner.runSequentially(SuiteRunner.java:371)
at org.testng.SuiteRunner.privateRun(SuiteRunner.java:332)
at org.testng.SuiteRunner.run(SuiteRunner.java:276)
at org.testng.SuiteRunnerWorker.runSuite(SuiteRunnerWorker.java:53)
at org.testng.SuiteRunnerWorker.run(SuiteRunnerWorker.java:96)
at org.testng.TestNG.runSuitesSequentially(TestNG.java:1212)
at org.testng.TestNG.runSuitesLocally(TestNG.java:1134)
at org.testng.TestNG.runSuites(TestNG.java:1063)
at org.testng.TestNG.run(TestNG.java:1031)
at org.testng.remote.AbstractRemoteTestNG.run(AbstractRemoteTestNG.java:115)
at org.testng.remote.RemoteTestNG.initAndRun(RemoteTestNG.java:251)
at org.testng.remote.RemoteTestNG.main(RemoteTestNG.java:77)
]]>
		</failure>
	</testcase> <!-- placeNonScheduleOrderAndGetOrderName -->
	<system-out />
</testsuite> <!-- TestSuite.TC11_VerifyProgressBarForBizDaysForNonScheduledOrder -->
