<?xml version="1.0" encoding="UTF-8"?>
<!-- Generated by org.testng.reporters.JUnitReportReporter -->
<testsuite hostname="LAPTOP-58T0J5OO" failures="0" tests="1"
	name="TestSuite.TC23_VerifyPendingActivity" time="131.944" errors="0"
	timestamp="2025-05-13T10:30:58 IST" skipped="0">
	<testcase classname="TestSuite.TC23_VerifyPendingActivity"
		name="clientLogin" time="131.944" />
	<system-out />
</testsuite> <!-- TestSuite.TC23_VerifyPendingActivity -->
