<?xml version="1.0" encoding="UTF-8"?>
<!-- Generated by org.testng.reporters.JUnitReportReporter -->
<testsuite hostname="LAPTOP-AOJ543G5" failures="0" tests="2"
	name="sampletest.TC011_VerifyProgressBarForBizDaysForNonScheduledOrder"
	time="203.421" errors="0" timestamp="2022-09-13T18:44:00 IST"
	skipped="0">
	<testcase
		classname="sampletest.TC011_VerifyProgressBarForBizDaysForNonScheduledOrder"
		name="placeNonScheduleOrderAndGetOrderName" time="156.117" />
	<system-out />
	<testcase
		classname="sampletest.TC011_VerifyProgressBarForBizDaysForNonScheduledOrder"
		name="uploadImagesForNonScheduleOrder" time="47.304" />
	<system-out />
</testsuite> <!-- sampletest.TC011_VerifyProgressBarForBizDaysForNonScheduledOrder -->
