<?xml version="1.0" encoding="UTF-8"?>
<!-- Generated by org.testng.reporters.JUnitReportReporter -->
<testsuite hostname="LAPTOP-AOJ543G5" failures="0" tests="4"
	name="sampletest.TC017_VerifyExtendEDCDateIsBlocked" time="859.094"
	errors="0" timestamp="2022-10-24T08:32:36 IST" skipped="0">
	<testcase
		classname="sampletest.TC017_VerifyExtendEDCDateIsBlocked"
		name="placeNonScheduleOrderAndGetOrderName" time="160.005" />
	<system-out />
	<testcase
		classname="sampletest.TC017_VerifyExtendEDCDateIsBlocked"
		name="verifyNonscheduleOrdersEDC" time="42.836" />
	<system-out />
	<testcase
		classname="sampletest.TC017_VerifyExtendEDCDateIsBlocked"
		name="checkMinCapAfterPlacingOrderAndCompleteOrder" time="344.972" />
	<system-out />
	<testcase
		classname="sampletest.TC017_VerifyExtendEDCDateIsBlocked"
		name="verifyReleaseCapacity" time="311.281" />
	<system-out />
</testsuite> <!-- sampletest.TC017_VerifyExtendEDCDateIsBlocked -->
