<?xml version="1.0" encoding="UTF-8"?>
<!-- Generated by org.testng.reporters.JUnitReportReporter -->
<testsuite hostname="LAPTOP-58T0J5OO" failures="0" tests="1"
	name="com.surecafe.Automation.TC05_Verifapplyjob" time="61.112"
	errors="0" timestamp="2025-06-11T12:30:37 IST" skipped="0">
	<testcase
		classname="com.surecafe.Automation.TC05_Verifapplyjob" name="Signin"
		time="61.112" />
	<system-out />
</testsuite> <!-- com.surecafe.Automation.TC05_Verifapplyjob -->
