<?xml version="1.0" encoding="UTF-8"?>
<!-- Generated by org.testng.reporters.JUnitReportReporter -->
<testsuite hostname="LAPTOP-58T0J5OO" failures="0" tests="1"
	name="TestSuite.TC05_VerifyProfilePicture" time="104.861" errors="0"
	timestamp="2025-05-14T17:53:53 IST" skipped="0">
	<testcase classname="TestSuite.TC05_VerifyProfilePicture"
		name="clientLogin" time="104.861" />
	<system-out />
</testsuite> <!-- TestSuite.TC05_VerifyProfilePicture -->
