<?xml version="1.0" encoding="UTF-8"?>
<!-- Generated by org.testng.reporters.JUnitReportReporter -->
<testsuite hostname="LAPTOP-AOJ543G5" failures="0" tests="2" name="sampletest.TC002_VerifyForGrayoutWhenCapacityIsNotAvailable" time="465.437" errors="0" timestamp="2022-07-26T18:54:04 IST" skipped="0">
  <testcase classname="sampletest.TC002_VerifyForGrayoutWhenCapacityIsNotAvailable" name="verifyForGrayOutForFor3BizDays" time="225.322"/>
  <system-out/>
  <testcase classname="sampletest.TC002_VerifyForGrayoutWhenCapacityIsNotAvailable" name="verifyForGrayOutForFor4BizDays" time="240.115"/>
  <system-out/>
</testsuite> <!-- sampletest.TC002_VerifyForGrayoutWhenCapacityIsNotAvailable -->
