<?xml version="1.0" encoding="UTF-8"?>
<!-- Generated by org.testng.reporters.JUnitReportReporter -->
<testsuite hostname="LAPTOP-AOJ543G5" failures="0" tests="4" name="sampletest.TC010_VerifyNon_scheduledOrderPlacedWithSameImageSlabAsScheduleOrder" time="509.896" errors="0" timestamp="2022-09-13T01:25:58 IST" skipped="0">
  <testcase classname="sampletest.TC010_VerifyNon_scheduledOrderPlacedWithSameImageSlabAsScheduleOrder" name="placeScheduleOrderAndGetOrderName" time="248.992"/>
  <system-out/>
  <testcase classname="sampletest.TC010_VerifyNon_scheduledOrderPlacedWithSameImageSlabAsScheduleOrder" name="placeNonScheduleOrderAndGetOrderName" time="154.681"/>
  <system-out/>
  <testcase classname="sampletest.TC010_VerifyNon_scheduledOrderPlacedWithSameImageSlabAsScheduleOrder" name="uploadImagesForNonScheduleOrder" time="47.637"/>
  <system-out/>
  <testcase classname="sampletest.TC010_VerifyNon_scheduledOrderPlacedWithSameImageSlabAsScheduleOrder" name="verifyscheduleAndNonscheduleOrdersEDC" time="58.586"/>
  <system-out/>
</testsuite> <!-- sampletest.TC010_VerifyNon_scheduledOrderPlacedWithSameImageSlabAsScheduleOrder -->
