<?xml version="1.0" encoding="UTF-8"?>
<!-- Generated by org.testng.reporters.JUnitReportReporter -->
<testsuite hostname="LAPTOP-AOJ543G5" failures="0" tests="4"
	name="sampletest.TC018_VerifyExtendedEDCIsBlockedIfOrderHavingSameEDC"
	time="446.464" errors="0" timestamp="2022-11-01T18:40:05 IST"
	skipped="0">
	<testcase
		classname="sampletest.TC018_VerifyExtendedEDCIsBlockedIfOrderHavingSameEDC"
		name="setHolidayDateToZeroCapacity" time="34.628" />
	<system-out />
	<testcase
		classname="sampletest.TC018_VerifyExtendedEDCIsBlockedIfOrderHavingSameEDC"
		name="placeOrderAndGetOrderNameFor800Images" time="247.676" />
	<system-out />
	<testcase
		classname="sampletest.TC018_VerifyExtendedEDCIsBlockedIfOrderHavingSameEDC"
		name="verifyEDCDateFor800Images" time="45.153" />
	<system-out />
	<testcase
		classname="sampletest.TC018_VerifyExtendedEDCIsBlockedIfOrderHavingSameEDC"
		name="verifyEDCDateIsDisabledIfTryingToPlaceOrder" time="119.007" />
	<system-out />
</testsuite> <!-- sampletest.TC018_VerifyExtendedEDCIsBlockedIfOrderHavingSameEDC -->
