<?xml version="1.0" encoding="UTF-8"?>
<!-- Generated by org.testng.reporters.JUnitReportReporter -->
<testsuite hostname="LAPTOP-58T0J5OO" failures="0" tests="5"
	name="TestSuite.TC07_VerifyChangepasswordbyExcel" time="332.154"
	errors="0" timestamp="2025-07-18T13:44:30 IST" skipped="1">
	<testcase
		classname="TestSuite.TC07_VerifyChangepasswordbyExcel"
		name="verifyLoginFunctionality" time="92.048" />
	<system-out />
	<testcase
		classname="TestSuite.TC07_VerifyChangepasswordbyExcel"
		name="verifyLoginFunctionality" time="82.876" />
	<system-out />
	<testcase
		classname="TestSuite.TC07_VerifyChangepasswordbyExcel"
		name="verifyLoginFunctionality" time="79.285" />
	<system-out />
	<testcase
		classname="TestSuite.TC07_VerifyChangepasswordbyExcel"
		name="verifyLoginFunctionality" time="77.945" />
	<system-out />
	<testcase
		classname="TestSuite.TC07_VerifyChangepasswordbyExcel"
		name="ChangepasswordbyExcel">
		<skipped />
	</testcase> <!-- ChangepasswordbyExcel -->
	<system-out />
</testsuite> <!-- TestSuite.TC07_VerifyChangepasswordbyExcel -->
