<?xml version="1.0" encoding="UTF-8"?>
<!-- Generated by org.testng.reporters.JUnitReportReporter -->
<testsuite hostname="LAPTOP-58T0J5OO" failures="0" tests="5"
	name="TestSuite.TC08_Verifyloginbyexcel" time="190.498" errors="0"
	timestamp="2025-08-01T17:09:13 IST" skipped="1">
	<testcase classname="TestSuite.TC08_Verifyloginbyexcel"
		name="verifyLoginFunctionality" time="44.392" />
	<system-out />
	<testcase classname="TestSuite.TC08_Verifyloginbyexcel"
		name="verifyLoginFunctionality" time="56.401" />
	<system-out />
	<testcase classname="TestSuite.TC08_Verifyloginbyexcel"
		name="verifyLoginFunctionality" time="45.006" />
	<system-out />
	<testcase classname="TestSuite.TC08_Verifyloginbyexcel"
		name="verifyLoginFunctionality" time="44.699" />
	<system-out />
	<testcase classname="TestSuite.TC08_Verifyloginbyexcel"
		name="clientLogin">
		<skipped />
	</testcase> <!-- clientLogin -->
	<system-out />
</testsuite> <!-- TestSuite.TC08_Verifyloginbyexcel -->
