<?xml version="1.0" encoding="UTF-8"?>
<!-- Generated by org.testng.reporters.JUnitReportReporter -->
<testsuite hostname="LAPTOP-AOJ543G5" failures="0" tests="2" name="TestSuite.TC16_VerifyOnHoldOrders" time="178.693" errors="0" timestamp="2023-04-19T09:52:33 IST" skipped="0">
  <testcase classname="TestSuite.TC16_VerifyOnHoldOrders" name="selectOnHoldOrder" time="109.708"/>
  <system-out/>
  <testcase classname="TestSuite.TC16_VerifyOnHoldOrders" name="clientLoginForOnHoldOrderCheck" time="68.985"/>
  <system-out/>
</testsuite> <!-- TestSuite.TC16_VerifyOnHoldOrders -->
