<?xml version="1.0" encoding="UTF-8"?>
<!-- Generated by org.testng.reporters.JUnitReportReporter -->
<testsuite hostname="LAPTOP-58T0J5OO" failures="0" tests="1" name="TestSuite.TC01_VerifyLogin" time="53.830" errors="0" timestamp="2025-07-03T17:46:03 IST" skipped="0">
  <testcase classname="TestSuite.TC01_VerifyLogin" name="Signin" time="53.830"/>
  <system-out/>
</testsuite> <!-- TestSuite.TC01_VerifyLogin -->
