<?xml version="1.0" encoding="UTF-8"?>
<!-- Generated by org.testng.reporters.JUnitReportReporter -->
<testsuite hostname="LAPTOP-58T0J5OO" failures="0" tests="1"
	name="TC11_Verifysearchandjobtitlelink2" time="75.338" errors="0"
	timestamp="2025-06-10T11:00:36 IST" skipped="0">
	<testcase classname="TC11_Verifysearchandjobtitlelink2"
		name="Joblink" time="75.338" />
	<system-out />
</testsuite> <!-- TC11_Verifysearchandjobtitlelink2 -->
