<?xml version="1.0" encoding="UTF-8"?>
<!-- Generated by org.testng.reporters.JUnitReportReporter -->
<testsuite hostname="LAPTOP-58T0J5OO" failures="0" tests="1" name="com.surecafe.Automation.TC06_Verifyprofileflow" time="179.425" errors="0" timestamp="2025-06-20T11:49:51 IST" skipped="0">
  <testcase classname="com.surecafe.Automation.TC06_Verifyprofileflow" name="Profileflow" time="179.425"/>
  <system-out/>
</testsuite> <!-- com.surecafe.Automation.TC06_Verifyprofileflow -->
