<?xml version="1.0" encoding="UTF-8"?>
<!-- Generated by org.testng.reporters.JUnitReportReporter -->
<testsuite hostname="LAPTOP-AOJ543G5" failures="0" tests="3"
	name="sampletest.TC012_VerifyRushServiceForNonScheduleOrder"
	time="352.840" errors="0" timestamp="2022-09-20T19:05:15 IST"
	skipped="0">
	<testcase
		classname="sampletest.TC012_VerifyRushServiceForNonScheduleOrder"
		name="setDailyCapacity" time="30.065" />
	<system-out />
	<testcase
		classname="sampletest.TC012_VerifyRushServiceForNonScheduleOrder"
		name="placeNonScheduleOrderAndGetOrderName" time="161.029" />
	<system-out />
	<testcase
		classname="sampletest.TC012_VerifyRushServiceForNonScheduleOrder"
		name="placeNonScheduleOrderAgainAndGetOrderName" time="161.746" />
	<system-out />
</testsuite> <!-- sampletest.TC012_VerifyRushServiceForNonScheduleOrder -->
