<?xml version="1.0" encoding="UTF-8"?>
<!-- Generated by org.testng.reporters.JUnitReportReporter -->
<testsuite hostname="LAPTOP-58T0J5OO" failures="0" tests="1"
	name="com.surecafe.Automation.TC14_Verifyprofileview" time="127.815"
	errors="0" timestamp="2025-06-13T12:42:33 IST" skipped="0">
	<testcase
		classname="com.surecafe.Automation.TC14_Verifyprofileview"
		name="Signin" time="127.815" />
	<system-out />
</testsuite> <!-- com.surecafe.Automation.TC14_Verifyprofileview -->
