<?xml version="1.0" encoding="UTF-8"?>
<!-- Generated by org.testng.reporters.JUnitReportReporter -->
<testsuite hostname="LAPTOP-AOJ543G5" failures="0" tests="5" name="sampletest.TC016_VerifyExtendEDCDateByCountofHolidaysAndOrderDateIsOpen" time="635.569" errors="0" timestamp="2022-10-11T18:46:41 IST" skipped="0">
  <testcase classname="sampletest.TC016_VerifyExtendEDCDateByCountofHolidaysAndOrderDateIsOpen" name="setHolidayDateToZeroCapacity" time="45.501"/>
  <system-out/>
  <testcase classname="sampletest.TC016_VerifyExtendEDCDateByCountofHolidaysAndOrderDateIsOpen" name="placeOrderAndGetOrderNameFor800Images" time="234.666"/>
  <system-out/>
  <testcase classname="sampletest.TC016_VerifyExtendEDCDateByCountofHolidaysAndOrderDateIsOpen" name="verifyEDCDateFor800Images" time="44.103"/>
  <system-out/>
  <testcase classname="sampletest.TC016_VerifyExtendEDCDateByCountofHolidaysAndOrderDateIsOpen" name="placeOrderAndGetOrderNameFor1000ImagesSlab" time="258.284"/>
  <system-out/>
  <testcase classname="sampletest.TC016_VerifyExtendEDCDateByCountofHolidaysAndOrderDateIsOpen" name="verifyEDCDateFor1000ImagesSlab" time="53.015"/>
  <system-out/>
</testsuite> <!-- sampletest.TC016_VerifyExtendEDCDateByCountofHolidaysAndOrderDateIsOpen -->
