<?xml version="1.0" encoding="UTF-8"?>
<!-- Generated by org.testng.reporters.JUnitReportReporter -->
<testsuite hostname="LAPTOP-AOJ543G5" failures="0" tests="2" name="TestScripts.TC021_VeridyEDCForScheduledWhenOrderStatusChangedToSampleApproval" time="67.613" errors="0" timestamp="2022-12-28T16:32:14 IST" skipped="1">
  <testcase classname="TestScripts.TC021_VeridyEDCForScheduledWhenOrderStatusChangedToSampleApproval" name="changeToSampleApproval" time="67.613"/>
  <system-out/>
  <testcase classname="TestScripts.TC021_VeridyEDCForScheduledWhenOrderStatusChangedToSampleApproval" name="placingOrder">
    <skipped/>
  </testcase> <!-- placingOrder -->
  <system-out/>
</testsuite> <!-- TestScripts.TC021_VeridyEDCForScheduledWhenOrderStatusChangedToSampleApproval -->
