<?xml version="1.0" encoding="UTF-8"?>
<!-- Generated by org.testng.reporters.JUnitReportReporter -->
<testsuite hostname="LAPTOP-58T0J5OO" failures="0" tests="1"
	name="TestSuite.TC21_VerifyFormpaymentwhenprofilenotcompleted"
	time="84.567" errors="0" timestamp="2025-05-13T10:28:25 IST"
	skipped="0">
	<testcase
		classname="TestSuite.TC21_VerifyFormpaymentwhenprofilenotcompleted"
		name="clientLogin" time="84.567" />
	<system-out />
</testsuite> <!-- TestSuite.TC21_VerifyFormpaymentwhenprofilenotcompleted -->
