<?xml version="1.0" encoding="UTF-8"?>
<!-- Generated by org.testng.reporters.JUnitReportReporter -->
<testsuite hostname="LAPTOP-AOJ543G5" failures="0" tests="1" name="sampletest.TC014_VerifyGrayoutDatesWhenWeekdayCapacityIsToZero" time="426.718" errors="0" timestamp="2022-09-15T18:51:31 IST" skipped="0">
  <testcase classname="sampletest.TC014_VerifyGrayoutDatesWhenWeekdayCapacityIsToZero" name="setCapacityZeroOnWeekDay" time="426.718"/>
  <system-out/>
</testsuite> <!-- sampletest.TC014_VerifyGrayoutDatesWhenWeekdayCapacityIsToZero -->
