<?xml version="1.0" encoding="UTF-8"?>
<!-- Generated by org.testng.reporters.JUnitReportReporter -->
<testsuite hostname="LAPTOP-AOJ543G5" failures="0" tests="2" name="sampletest.TC001_VerifyForGrayOutWhenRepeatedForSameDate" time="389.936" errors="0" timestamp="2022-07-22T12:30:53 IST" skipped="0">
  <testcase classname="sampletest.TC001_VerifyForGrayOutWhenRepeatedForSameDate" name="enterCapacityForSelectedDate" time="51.612"/>
  <system-out/>
  <testcase classname="sampletest.TC001_VerifyForGrayOutWhenRepeatedForSameDate" name="verifyForGrayOutForRepeatedDate" time="338.324"/>
  <system-out/>
</testsuite> <!-- sampletest.TC001_VerifyForGrayOutWhenRepeatedForSameDate -->
